\BOOKMARK [0][-]{chapter.1}{\376\377\000G\000e\000n\000e\000r\000a\000l\000\040\000P\000r\000i\000n\000c\000i\000p\000l\000e\000s\000\040\116\000\202\054\123\237\122\031}{}% 1
\BOOKMARK [0][-]{chapter.2}{\376\377\000B\000r\000a\000i\000n\000\040\000T\000e\000a\000s\000e\000r\000s\000\040\201\021\173\113\140\045\217\154\137\057}{}% 2
\BOOKMARK [1][-]{section.2.1}{\376\377\000P\000r\000o\000b\000l\000e\000m\000\040\000S\000i\000m\000p\000l\000i\000f\000i\000c\000a\000t\000i\000o\000n\000\040\225\356\230\230\173\200\123\026}{chapter.2}% 3
\BOOKMARK [2][-]{subsection.2.1.1}{\376\377\000S\000c\000r\000e\000w\000y\000\040\000p\000i\000r\000a\000t\000e\000s\000\040\165\257\162\302\166\204\155\167\166\327}{section.2.1}% 4
\BOOKMARK [2][-]{subsection.2.1.2}{\376\377\000T\000i\000g\000e\000r\000\040\000a\000n\000d\000\040\000s\000h\000e\000e\000p\000\040\200\001\206\116\124\214\177\212}{section.2.1}% 5
\BOOKMARK [1][-]{section.2.2}{\376\377\000L\000o\000g\000i\000c\000\040\000R\000e\000a\000s\000o\000n\000i\000n\000g\000\040\220\073\217\221\143\250\164\006}{chapter.2}% 6
\BOOKMARK [2][-]{subsection.2.2.1}{\376\377\000R\000i\000v\000e\000r\000\040\000c\000r\000o\000s\000s\000i\000n\000g\000\040\217\307\154\263\225\356\230\230}{section.2.2}% 7
\BOOKMARK [2][-]{subsection.2.2.2}{\376\377\000H\000o\000r\000s\000e\000\040\000r\000a\000c\000e\000\040\215\133\232\154}{section.2.2}% 8
\BOOKMARK [1][-]{section.2.3}{\376\377\000T\000h\000i\000n\000k\000i\000n\000g\000\040\000O\000u\000t\000\040\000o\000f\000\040\000t\000h\000e\000\040\000B\000o\000x\000\040\215\363\121\372\123\273\140\035\200\003}{chapter.2}% 9
\BOOKMARK [2][-]{subsection.2.3.1}{\376\377\000B\000o\000x\000\040\000p\000a\000c\000k\000i\000n\000g\000\040\166\322\133\120\123\005\210\305}{section.2.3}% 10
\BOOKMARK [2][-]{subsection.2.3.2}{\376\377\000C\000a\000l\000e\000n\000d\000a\000r\000\040\000c\000u\000b\000e\000s\000\040\145\345\123\206\145\271\127\127}{section.2.3}% 11
\BOOKMARK [2][-]{subsection.2.3.3}{\376\377\000D\000o\000o\000r\000\040\000t\000o\000\040\000o\000f\000f\000e\000r\000\040\136\170\217\320\225\350}{section.2.3}% 12
\BOOKMARK [2][-]{subsection.2.3.4}{\376\377\000M\000e\000s\000s\000a\000g\000e\000\040\000d\000e\000l\000i\000v\000e\000r\000y\000\040\117\341\116\366\117\040\217\223}{section.2.3}% 13
\BOOKMARK [2][-]{subsection.2.3.5}{\376\377\000L\000a\000s\000t\000\040\000b\000a\000l\000l\000\040\147\000\124\016\166\204\164\003}{section.2.3}% 14
\BOOKMARK [2][-]{subsection.2.3.6}{\376\377\000Q\000u\000a\000n\000t\000\040\000s\000a\000l\000a\000r\000y\000\040\205\252\154\064\225\356\230\230}{section.2.3}% 15
\BOOKMARK [1][-]{section.2.4}{\376\377\000A\000p\000p\000l\000i\000c\000a\000t\000i\000o\000n\000\040\000o\000f\000\040\000S\000y\000m\000m\000e\000t\000r\000y\000\040\133\371\171\360\140\047\166\204\117\177\165\050}{chapter.2}% 16
\BOOKMARK [2][-]{subsection.2.4.1}{\376\377\000C\000o\000i\000n\000\040\000p\000i\000l\000e\000s\000\040\170\154\136\001\130\006}{section.2.4}% 17
\BOOKMARK [2][-]{subsection.2.4.2}{\376\377\000M\000i\000s\000l\000a\000b\000e\000l\000e\000d\000\040\000b\000a\000g\000s\000\040\225\031\213\357\150\007\173\176\166\204\116\146\123\005}{section.2.4}% 18
\BOOKMARK [2][-]{subsection.2.4.3}{\376\377\000W\000i\000s\000e\000\040\000m\000e\000n\000\040\146\172\200\005}{section.2.4}% 19
\BOOKMARK [1][-]{section.2.5}{\376\377\000S\000e\000r\000i\000e\000s\000\040\000S\000u\000m\000m\000a\000t\000i\000o\000n\000\040\176\247\145\160\166\370\122\240}{chapter.2}% 20
\BOOKMARK [2][-]{subsection.2.5.1}{\376\377\000M\000i\000s\000s\000i\000n\000g\000\040\000i\000n\000t\000e\000g\000e\000r\000s\000\040\116\042\131\061\166\204\145\164\145\160}{section.2.5}% 21
\BOOKMARK [2][-]{subsection.2.5.2}{\376\377\000C\000o\000u\000n\000t\000e\000r\000f\000e\000i\000t\000\040\000c\000o\000i\000n\000s\000\040\142\176\121\372\120\107\136\001}{section.2.5}% 22
\BOOKMARK [2][-]{subsection.2.5.3}{\376\377\000G\000l\000a\000s\000s\000\040\000b\000a\000l\000l\000s\000\040\163\273\164\203\164\003}{section.2.5}% 23
\BOOKMARK [1][-]{section.2.6}{\376\377\000T\000h\000e\000\040\000P\000i\000g\000e\000o\000n\000\040\000H\000o\000l\000e\000\040\000P\000r\000i\000n\000c\000i\000p\000l\000e\000\040\236\075\135\342\123\237\164\006}{chapter.2}% 24
\BOOKMARK [2][-]{subsection.2.6.1}{\376\377\000M\000a\000t\000c\000h\000i\000n\000g\000\040\000s\000o\000c\000k\000s\000\040\122\006\210\234\133\120}{section.2.6}% 25
\BOOKMARK [2][-]{subsection.2.6.2}{\376\377\000H\000a\000v\000e\000\040\000w\000e\000\040\000m\000e\000t\000\040\000b\000e\000f\000o\000r\000e\000\040\142\311\131\306\237\120\164\006\213\272}{section.2.6}% 26
\BOOKMARK [2][-]{subsection.2.6.3}{\376\377\000A\000n\000t\000s\000\040\000o\000n\000\040\000a\000\040\000s\000q\000u\000a\000r\000e}{section.2.6}% 27
\BOOKMARK [1][-]{section.2.7}{\376\377\000M\000o\000d\000u\000l\000a\000r\000\040\000A\000r\000i\000t\000h\000m\000e\000t\000i\000c\000\040\152\041\217\320\173\227}{chapter.2}% 28
\BOOKMARK [2][-]{subsection.2.7.1}{\376\377\000P\000r\000i\000s\000o\000n\000e\000r\000\040\000p\000r\000o\000b\000l\000e\000m\000\040\126\332\162\257\225\356\230\230}{section.2.7}% 29
\BOOKMARK [2][-]{subsection.2.7.2}{\376\377\000D\000i\000v\000i\000s\000i\000o\000n\000\040\000b\000y\000\040\0009\000\040\0009\166\204\120\015\145\160}{section.2.7}% 30
\BOOKMARK [1][-]{section.2.8}{\376\377\000M\000a\000t\000h\000\040\000I\000n\000d\000u\000c\000t\000i\000o\000n\000\040\145\160\133\146\137\122\176\263\154\325}{chapter.2}% 31
\BOOKMARK [2][-]{subsection.2.8.1}{\376\377\000C\000h\000o\000c\000o\000l\000a\000t\000e\000\040\000b\000a\000r\000\040\000p\000r\000o\000b\000l\000e\000m\000\040\135\347\121\113\122\233\150\322\225\356\230\230\000\040}{section.2.8}% 32
\BOOKMARK [1][-]{section.2.9}{\376\377\000P\000r\000o\000o\000f\000\040\000b\000y\000\040\000C\000o\000n\000t\000r\000a\000d\000i\000c\000t\000i\000o\000n\000\040\123\315\213\301\154\325}{chapter.2}% 33
\BOOKMARK [2][-]{subsection.2.9.1}{\376\377\000I\000r\000r\000a\000t\000i\000o\000n\000a\000l\000\040\000n\000u\000m\000b\000e\000r\000\040\145\340\164\006\145\160}{section.2.9}% 34
\BOOKMARK [0][-]{chapter.3}{\376\377\000P\000r\000o\000b\000a\000b\000i\000l\000i\000t\000y\000\040\000T\000h\000e\000o\000r\000y\000\040\151\202\163\207\213\272}{}% 35
\BOOKMARK [1][-]{section.3.1}{\376\377\000B\000a\000s\000i\000c\000\040\000P\000r\000o\000b\000a\000b\000i\000l\000i\000t\000y\000\040\000D\000e\000f\000i\000n\000i\000t\000i\000o\000n\000s\000\040\000a\000n\000d\000\040\000S\000e\000t\000\040\000O\000p\000e\000r\000a\000t\000i\000o\000n\000s\000\040\127\372\147\054\151\202\137\365}{chapter.3}% 36
\BOOKMARK [2][-]{subsection.3.1.1}{\376\377\000C\000o\000i\000n\000\040\000t\000o\000s\000s\000\040\000g\000a\000m\000e\000\040\142\233\170\154\136\001\156\070\142\017}{section.3.1}% 37
\BOOKMARK [2][-]{subsection.3.1.2}{\376\377\000D\000r\000u\000n\000k\000\040\000p\000a\000s\000s\000e\000n\000g\000e\000r\000\040\125\235\221\211\166\204\116\130\133\242}{section.3.1}% 38
\BOOKMARK [2][-]{subsection.3.1.3}{\376\377\000N\000\040\000p\000o\000i\000n\000t\000s\000\040\000o\000n\000\040\000a\000\040\000c\000i\000r\000c\000l\000e\000\040\127\006\116\012\166\204\160\271}{section.3.1}% 39
\BOOKMARK [1][-]{section.3.2}{\376\377\000C\000o\000m\000b\000i\000n\000a\000t\000o\000r\000i\000a\000l\000\040\000A\000n\000a\000l\000y\000s\000i\000s\000\040\176\304\124\010\122\006\147\220}{chapter.3}% 40
\BOOKMARK [2][-]{subsection.3.2.1}{\376\377\000H\000o\000p\000p\000i\000n\000g\000\040\000r\000a\000b\000b\000i\000t\000\040\215\363\215\303\166\204\121\124\133\120}{section.3.2}% 41
\BOOKMARK [2][-]{subsection.3.2.2}{\376\377\000S\000c\000r\000e\000w\000y\000\040\000p\000i\000r\000a\000t\000e\000s\000\040\165\257\162\302\166\204\155\167\166\327}{section.3.2}% 42
\BOOKMARK [2][-]{subsection.3.2.3}{\376\377\000D\000e\000r\000a\000n\000g\000e\000m\000e\000n\000t\000\040\133\214\121\150\225\031\117\115\143\222\122\027}{section.3.2}% 43
\BOOKMARK [2][-]{subsection.3.2.4}{\376\377\000B\000i\000r\000t\000h\000d\000a\000y\000\040\000p\000r\000o\000b\000l\000e\000m\000\040\165\037\145\345\225\356\230\230}{section.3.2}% 44
\BOOKMARK [2][-]{subsection.3.2.5}{\376\377\000C\000u\000b\000i\000c\000\040\000o\000f\000\040\000i\000n\000t\000e\000g\000e\000r\000\040\145\164\145\160\172\313\145\271}{section.3.2}% 45
\BOOKMARK [1][-]{section.3.3}{\376\377\000C\000o\000n\000d\000i\000t\000i\000o\000n\000a\000l\000\040\000P\000r\000o\000b\000a\000b\000i\000l\000i\000t\000y\000\040\000a\000n\000d\000\040\000B\000a\000y\000e\000s\000'\000s\000\040\000f\000o\000r\000m\000u\000l\000a\000\040\147\141\116\366\151\202\163\207\124\214\215\035\123\366\145\257\121\154\137\017}{chapter.3}% 46
\BOOKMARK [2][-]{subsection.3.3.1}{\376\377\000B\000o\000y\000s\000\040\000a\000n\000d\000\040\000g\000i\000r\000l\000s\000\040\165\067\133\151\131\163\133\151}{section.3.3}% 47
\BOOKMARK [2][-]{subsection.3.3.2}{\376\377\000U\000n\000f\000a\000i\000r\000\040\000c\000o\000i\000n\000\040\116\015\121\154\136\163\166\204\170\154\136\001}{section.3.3}% 48
\BOOKMARK [2][-]{subsection.3.3.3}{\376\377\000V\000o\000n\000\040\000N\000e\000u\000m\000a\000n\000n\040\031\000s\000\040\000M\000e\000t\000h\000o\000d\000\040\121\257\000\267\213\372\117\012\146\374\145\271\154\325}{section.3.3}% 49
\BOOKMARK [2][-]{subsection.3.3.4}{\376\377\000D\000i\000c\000e\000\040\000o\000r\000d\000e\000r\000\040\232\260\133\120\166\204\230\172\136\217}{section.3.3}% 50
\BOOKMARK [2][-]{subsection.3.3.5}{\376\377\000M\000o\000n\000t\000y\000\040\000H\000a\000l\000l\000\040\000p\000r\000o\000b\000l\000e\000m\000\040\204\231\143\320\227\015\134\024\225\356\230\230}{section.3.3}% 51
\BOOKMARK [2][-]{subsection.3.3.6}{\376\377\000B\000r\000a\000n\000c\000h\000i\000n\000g\000\040\000P\000r\000o\000c\000e\000s\000s\000\040\122\006\145\057\217\307\172\013}{section.3.3}% 52
\BOOKMARK [2][-]{subsection.3.3.7}{\376\377\000C\000a\000n\000d\000i\000e\000s\000\040\000i\000n\000\040\000a\000\040\000j\000a\000r\000\040\207\034\177\120\116\055\166\204\174\326\147\234}{section.3.3}% 53
\BOOKMARK [2][-]{subsection.3.3.8}{\376\377\000C\000o\000i\000n\000\040\000t\000o\000s\000s\000\040\000g\000a\000m\000e\000\040\142\124\170\154\136\001\156\070\142\017}{section.3.3}% 54
\BOOKMARK [2][-]{subsection.3.3.9}{\376\377\000R\000u\000s\000s\000i\000a\000n\000\040\000r\000o\000u\000l\000e\000t\000t\000e\000\040\000s\000e\000r\000i\000e\000s\000\040\117\304\177\127\145\257\217\154\217\156}{section.3.3}% 55
\BOOKMARK [2][-]{subsection.3.3.10}{\376\377\000G\000a\000m\000b\000l\000e\000r\000'\000s\000\040\000R\000u\000i\000n\000\040\000P\000r\000o\000b\000l\000e\000m\000\040\215\114\137\222\170\064\116\247\225\356\230\230}{section.3.3}% 56
\BOOKMARK [2][-]{subsection.3.3.11}{\376\377\000P\000o\000l\000y\000a\000\040\000u\000r\000n\000\040\000m\000o\000d\000e\000l\000\040\154\342\122\051\116\232\177\120\133\120\152\041\127\213}{section.3.3}% 57
\BOOKMARK [2][-]{subsection.3.3.12}{\376\377\000C\000a\000r\000s\000\040\000o\000n\000\040\000r\000o\000a\000d\000\040\215\357\116\012\166\204\217\146}{section.3.3}% 58
\BOOKMARK [1][-]{section.3.4}{\376\377\000D\000i\000s\000c\000r\000e\000t\000e\000\040\000a\000n\000d\000\040\000C\000o\000n\000t\000i\000n\000u\000o\000u\000s\000\040\000D\000i\000s\000t\000r\000i\000b\000u\000t\000i\000o\000n\000s\000\040\171\273\145\143\116\016\217\336\176\355\122\006\136\003}{chapter.3}% 59
\BOOKMARK [1][-]{section.3.5}{\376\377\000E\000x\000p\000e\000c\000t\000e\000d\000\040\000V\000a\000l\000u\000e\000,\000\040\000V\000a\000r\000i\000a\000n\000c\000e\000\040\000\046\000\040\000C\000o\000v\000a\000r\000i\000a\000n\000c\000e\000\040\147\037\147\033\000,\000\040\145\271\135\356\124\214\123\117\145\271\135\356}{chapter.3}% 60
\BOOKMARK [2][-]{subsection.3.5.1}{\376\377\000C\000o\000n\000n\000e\000c\000t\000i\000n\000g\000\040\000n\000o\000o\000d\000l\000e\000s\000\040\217\336\143\245\227\142\147\141}{section.3.5}% 61
