\BOOKMARK [0][-]{chapter.1}{\376\377\000G\000e\000n\000e\000r\000a\000l\000\040\000P\000r\000i\000n\000c\000i\000p\000l\000e\000s\000\040\116\000\202\054\123\237\122\031}{}% 1
\BOOKMARK [0][-]{chapter.2}{\376\377\000B\000r\000a\000i\000n\000\040\000T\000e\000a\000s\000e\000r\000s\000\040\201\021\173\113\140\045\217\154\137\057}{}% 2
\BOOKMARK [1][-]{section.2.1}{\376\377\000P\000r\000o\000b\000l\000e\000m\000\040\000S\000i\000m\000p\000l\000i\000f\000i\000c\000a\000t\000i\000o\000n\000\040\225\356\230\230\173\200\123\026}{chapter.2}% 3
\BOOKMARK [2][-]{subsection.2.1.1}{\376\377\000S\000c\000r\000e\000w\000y\000\040\000p\000i\000r\000a\000t\000e\000s\000\040\165\257\162\302\166\204\155\167\166\327}{section.2.1}% 4
\BOOKMARK [2][-]{subsection.2.1.2}{\376\377\000T\000i\000g\000e\000r\000\040\000a\000n\000d\000\040\000s\000h\000e\000e\000p\000\040\200\001\206\116\124\214\177\212}{section.2.1}% 5
\BOOKMARK [1][-]{section.2.2}{\376\377\000L\000o\000g\000i\000c\000\040\000R\000e\000a\000s\000o\000n\000i\000n\000g\000\040\220\073\217\221\143\250\164\006}{chapter.2}% 6
\BOOKMARK [2][-]{subsection.2.2.1}{\376\377\000R\000i\000v\000e\000r\000\040\000c\000r\000o\000s\000s\000i\000n\000g\000\040\217\307\154\263\225\356\230\230}{section.2.2}% 7
\BOOKMARK [2][-]{subsection.2.2.2}{\376\377\000H\000o\000r\000s\000e\000\040\000r\000a\000c\000e\000\040\215\133\232\154}{section.2.2}% 8
\BOOKMARK [1][-]{section.2.3}{\376\377\000T\000h\000i\000n\000k\000i\000n\000g\000\040\000O\000u\000t\000\040\000o\000f\000\040\000t\000h\000e\000\040\000B\000o\000x\000\040\215\363\121\372\123\273\140\035\200\003}{chapter.2}% 9
\BOOKMARK [2][-]{subsection.2.3.1}{\376\377\000B\000o\000x\000\040\000p\000a\000c\000k\000i\000n\000g\000\040\166\322\133\120\123\005\210\305}{section.2.3}% 10
\BOOKMARK [2][-]{subsection.2.3.2}{\376\377\000C\000a\000l\000e\000n\000d\000a\000r\000\040\000c\000u\000b\000e\000s\000\040\145\345\123\206\145\271\127\127}{section.2.3}% 11
\BOOKMARK [2][-]{subsection.2.3.3}{\376\377\000D\000o\000o\000r\000\040\000t\000o\000\040\000o\000f\000f\000e\000r\000\040\136\170\217\320\225\350}{section.2.3}% 12
\BOOKMARK [2][-]{subsection.2.3.4}{\376\377\000M\000e\000s\000s\000a\000g\000e\000\040\000d\000e\000l\000i\000v\000e\000r\000y\000\040\117\341\116\366\117\040\217\223}{section.2.3}% 13
\BOOKMARK [2][-]{subsection.2.3.5}{\376\377\000L\000a\000s\000t\000\040\000b\000a\000l\000l\000\040\147\000\124\016\166\204\164\003}{section.2.3}% 14
\BOOKMARK [2][-]{subsection.2.3.6}{\376\377\000Q\000u\000a\000n\000t\000\040\000s\000a\000l\000a\000r\000y\000\040\205\252\154\064\225\356\230\230}{section.2.3}% 15
\BOOKMARK [1][-]{section.2.4}{\376\377\000A\000p\000p\000l\000i\000c\000a\000t\000i\000o\000n\000\040\000o\000f\000\040\000S\000y\000m\000m\000e\000t\000r\000y\000\040\133\371\171\360\140\047\166\204\117\177\165\050}{chapter.2}% 16
\BOOKMARK [2][-]{subsection.2.4.1}{\376\377\000C\000o\000i\000n\000\040\000p\000i\000l\000e\000s\000\040\170\154\136\001\130\006}{section.2.4}% 17
\BOOKMARK [2][-]{subsection.2.4.2}{\376\377\000M\000i\000s\000l\000a\000b\000e\000l\000e\000d\000\040\000b\000a\000g\000s\000\040\225\031\213\357\150\007\173\176\166\204\116\146\123\005}{section.2.4}% 18
\BOOKMARK [2][-]{subsection.2.4.3}{\376\377\000W\000i\000s\000e\000\040\000m\000e\000n\000\040\146\172\200\005}{section.2.4}% 19
\BOOKMARK [1][-]{section.2.5}{\376\377\000S\000e\000r\000i\000e\000s\000\040\000S\000u\000m\000m\000a\000t\000i\000o\000n\000\040\176\247\145\160\166\370\122\240}{chapter.2}% 20
\BOOKMARK [2][-]{subsection.2.5.1}{\376\377\000C\000l\000o\000c\000k\000\040\000p\000i\000e\000c\000e\000s\000\040\224\237\210\150\226\366\116\366}{section.2.5}% 21
